#
# There is insufficient memory for the Java Runtime Environment to continue.
# Native memory allocation (malloc) failed to allocate 1860376 bytes. Error detail: Chunk::new
# Possible reasons:
#   The system is out of physical RAM or swap space
#   This process is running with CompressedOops enabled, and the Java Heap may be blocking the growth of the native heap
# Possible solutions:
#   Reduce memory load on the system
#   Increase physical memory or swap space
#   Check if swap backing store is full
#   Decrease Java heap size (-Xmx/-Xms)
#   Decrease number of Java threads
#   Decrease Java thread stack sizes (-Xss)
#   Set larger code cache with -XX:ReservedCodeCacheSize=
#   JVM is running with Unscaled Compressed Oops mode in which the Java heap is
#     placed in the first 4GB address space. The Java Heap base address is the
#     maximum limit for the native heap growth. Please use -XX:HeapBaseMinAddress
#     to set the Java Heap base and to place the Java Heap above 4GB virtual address.
# This output file may be truncated or incomplete.
#
#  Out of Memory Error (arena.cpp:186), pid=33152, tid=33596
#
# JRE version: Java(TM) SE Runtime Environment (25.0.1+8) (build 25.0.1+8-LTS-27)
# Java VM: Java HotSpot(TM) 64-Bit Server VM (25.0.1+8-LTS-27, mixed mode, sharing, tiered, compressed oops, compressed class ptrs, g1 gc, windows-amd64)
# No core dump will be written. Minidumps are not enabled by default on client versions of Windows
#

---------------  S U M M A R Y ------------

Command Line: -Dclassworlds.conf=C:\Users\obake\.vscode\extensions\oracle.oracle-java-24.1.2\nbcode\java\maven\bin\m2.conf -Dmaven.home=C:\Users\obake\.vscode\extensions\oracle.oracle-java-24.1.2\nbcode\java\maven -Dlibrary.jansi.path=C:\Users\obake\.vscode\extensions\oracle.oracle-java-24.1.2\nbcode\java\maven\lib\jansi-native -Dmaven.multiModuleProjectDirectory=C:\Users\obake\student-grade-calculator org.codehaus.plexus.classworlds.launcher.Launcher -Dtest=com.vut.calculator.GradeCalculatorTest -DforkMode=once -Dmaven.surefire.debug=-agentlib:jdwp=transport=dt_socket,server=n,address=63616 -Djpda.listen=true -Djpda.address=63616 -Dmaven.ext.class.path=C:\Users\obake\.vscode\extensions\oracle.oracle-java-24.1.2\nbcode\java\maven-nblib\netbeans-eventspy.jar --no-transfer-progress process-test-classes surefire:test

Host: AMD Ryzen 3 7320U with Radeon Graphics         , 8 cores, 5G,  Windows 11 , 64 bit Build 26100 (10.0.26100.8246)
Time: Wed May 20 22:20:02 2026 South Africa Standard Time elapsed time: 4.163715 seconds (0d 0h 0m 4s)

---------------  T H R E A D  ---------------

Current thread (0x00000118006be610):  JavaThread "C2 CompilerThread0" daemon [_thread_in_native, id=33596, stack(0x0000000bff000000,0x0000000bff100000) (1024K)]


Current CompileTask:
C2:4163 2508       4       java.lang.reflect.Executable::getAnnotation (23 bytes)

Stack: [0x0000000bff000000,0x0000000bff100000]
Native frames: (J=compiled Java code, j=interpreted, Vv=VM code, C=native code)
V  [jvm.dll+0x7a6b59]  (no source info available)
V  [jvm.dll+0x77290d]  (no source info available)
V  [jvm.dll+0x966153]  (no source info available)
V  [jvm.dll+0x968751]  (no source info available)
V  [jvm.dll+0x968e53]  (no source info available)
V  [jvm.dll+0x2fc756]  (no source info available)
V  [jvm.dll+0x111b26]  (no source info available)
V  [jvm.dll+0x111e4e]  (no source info available)
V  [jvm.dll+0x1a0a22]  (no source info available)
V  [jvm.dll+0x3b53c2]  (no source info available)
V  [jvm.dll+0x7ac4ef]  (no source info available)
V  [jvm.dll+0x2c0ac7]  (no source info available)
V  [jvm.dll+0x2bfa8f]  (no source info available)
V  [jvm.dll+0x237b60]  (no source info available)
V  [jvm.dll+0x2cfb56]  (no source info available)
V  [jvm.dll+0x2cddd5]  (no source info available)
V  [jvm.dll+0x48e6d1]  (no source info available)
V  [jvm.dll+0x906a0d]  (no source info available)
V  [jvm.dll+0x7a5135]  (no source info available)
C  [ucrtbase.dll+0x37b0]  (no source info available)
C  [KERNEL32.DLL+0x2e8d7]  (no source info available)
C  [ntdll.dll+0x8c3fc]  (no source info available)

Lock stack of current Java thread (top to bottom):


---------------  P R O C E S S  ---------------

Threads class SMR info:
_java_thread_list=0x000001180583ee50, length=11, elements={
0x0000011861ff2150, 0x00000118006acc20, 0x00000118006ad3e0, 0x00000118006b1050,
0x00000118006b1c10, 0x00000118006b3340, 0x00000118006b4a70, 0x00000118006be610,
0x00000118006c1740, 0x0000011800758b70, 0x000001180075e1e0
}

Java Threads: ( => current thread )
  0x0000011861ff2150 JavaThread "main"                              [_thread_in_vm, id=30984, stack(0x0000000bfe200000,0x0000000bfe300000) (1024K)]
  0x00000118006acc20 JavaThread "Reference Handler"          daemon [_thread_blocked, id=14692, stack(0x0000000bfea00000,0x0000000bfeb00000) (1024K)]
  0x00000118006ad3e0 JavaThread "Finalizer"                  daemon [_thread_blocked, id=24484, stack(0x0000000bfeb00000,0x0000000bfec00000) (1024K)]
  0x00000118006b1050 JavaThread "Signal Dispatcher"          daemon [_thread_blocked, id=20492, stack(0x0000000bfec00000,0x0000000bfed00000) (1024K)]
  0x00000118006b1c10 JavaThread "Attach Listener"            daemon [_thread_blocked, id=27428, stack(0x0000000bfed00000,0x0000000bfee00000) (1024K)]
  0x00000118006b3340 JavaThread "Service Thread"             daemon [_thread_blocked, id=6820, stack(0x0000000bfee00000,0x0000000bfef00000) (1024K)]
  0x00000118006b4a70 JavaThread "Monitor Deflation Thread"   daemon [_thread_blocked, id=31184, stack(0x0000000bfef00000,0x0000000bff000000) (1024K)]
=>0x00000118006be610 JavaThread "C2 CompilerThread0"         daemon [_thread_in_native, id=33596, stack(0x0000000bff000000,0x0000000bff100000) (1024K)]
  0x00000118006c1740 JavaThread "C1 CompilerThread0"         daemon [_thread_in_native, id=17656, stack(0x0000000bff100000,0x0000000bff200000) (1024K)]
  0x0000011800758b70 JavaThread "Notification Thread"        daemon [_thread_blocked, id=34300, stack(0x0000000bff200000,0x0000000bff300000) (1024K)]
  0x000001180075e1e0 JavaThread "Common-Cleaner"             daemon [_thread_blocked, id=2572, stack(0x0000000bff300000,0x0000000bff400000) (1024K)]
Total: 11

Other Threads:
  0x000001180069ab40 VMThread "VM Thread"                           [id=6516, stack(0x0000000bfe900000,0x0000000bfea00000) (1024K)]
  0x00000118006887c0 WatcherThread "VM Periodic Task Thread"        [id=28104, stack(0x0000000bfe800000,0x0000000bfe900000) (1024K)]
  0x000001186443b4c0 WorkerThread "GC Thread#0"                     [id=18648, stack(0x0000000bfe300000,0x0000000bfe400000) (1024K)]
  0x0000011805891860 WorkerThread "GC Thread#1"                     [id=23736, stack(0x0000000bff400000,0x0000000bff500000) (1024K)]
  0x0000011805a2ed50 WorkerThread "GC Thread#2"                     [id=30480, stack(0x0000000bff500000,0x0000000bff600000) (1024K)]
  0x0000011805a2f590 WorkerThread "GC Thread#3"                     [id=22296, stack(0x0000000bff600000,0x0000000bff700000) (1024K)]
  0x0000011805a313f0 WorkerThread "GC Thread#4"                     [id=26660, stack(0x0000000bff700000,0x0000000bff800000) (1024K)]
  0x000001186444efc0 ConcurrentGCThread "G1 Main Marker"            [id=9668, stack(0x0000000bfe400000,0x0000000bfe500000) (1024K)]
  0x000001186444fb60 WorkerThread "G1 Conc#0"                       [id=28312, stack(0x0000000bfe500000,0x0000000bfe600000) (1024K)]
  0x000001186449ff20 ConcurrentGCThread "G1 Refine#0"               [id=3312, stack(0x0000000bfe600000,0x0000000bfe700000) (1024K)]
  0x00000118644a0b30 ConcurrentGCThread "G1 Service"                [id=32928, stack(0x0000000bfe700000,0x0000000bfe800000) (1024K)]
Total: 11

Threads with active compile tasks:
C2 CompilerThread0  4240 2508       4       java.lang.reflect.Executable::getAnnotation (23 bytes)
C1 CompilerThread0  4240 2623       3       java.util.HashSet::size (8 bytes)
Total: 2

VM state: not at safepoint (normal execution)

VM Mutex/Monitor currently owned by a thread: None

Heap address: 0x00000000a4200000, size: 1470 MB, Compressed Oops mode: 32-bit

CDS archive(s) mapped at: [0x000000002e000000-0x000000002edd0000-0x000000002edd0000), size 14483456, SharedBaseAddress: 0x000000002e000000, ArchiveRelocationMode: 1.
Compressed class space mapped at: 0x000000002f000000-0x000000006f000000, reserved size: 1073741824
UseCompressedClassPointers 1, UseCompactObjectHeaders 0
Narrow klass pointer bits 32, Max shift 3
Narrow klass base: 0x000000002e000000, Narrow klass shift: 0
Encoding Range: [0x000000002e000000 - 0x000000012e000000), (4294967296 bytes)
Klass Range:    [0x000000002e010000 - 0x000000006f000000), (1090453504 bytes)
Klass ID Range:  [65536 - 1090519033) (1090453497)
Protection zone: [0x000000002e000000 - 0x000000002e010000), (65536 bytes)

GC Precious Log:
 CardTable entry size: 512
 Card Set container configuration: InlinePtr #cards 5 size 8 Array Of Cards #cards 10 size 36 Howl #buckets 4 coarsen threshold 1843 Howl Bitmap #cards 512 size 80 coarsen threshold 460 Card regions per heap region 1 cards per card region 2048
 CPUs: 8 total, 8 available
 Memory: 5877M
 Large Page Support: Disabled
 NUMA Support: Disabled
 Compressed Oops: Enabled (32-bit)
 Heap Region Size: 1M
 Heap Min Capacity: 8M
 Heap Initial Capacity: 92M
 Heap Max Capacity: 1470M
 Pre-touch: Disabled
 Parallel Workers: 8
 Concurrent Workers: 2
 Concurrent Refinement Workers: 8
 Periodic GC: Disabled

Heap:
 garbage-first heap   total reserved 1505280K, committed 96256K, used 14741K [0x00000000a4200000, 0x0000000100000000)
  region size 1024K, 15 young (15360K), 5 survivors (5120K)

Heap Regions: E=young(eden), S=young(survivor), O=old, HS=humongous(starts), HC=humongous(continues), CS=collection set, F=free, TAMS=top-at-mark-start, PB=parsable bottom
|   0|0x00000000a4200000, 0x00000000a4200000, 0x00000000a4300000|  0%| F|  |TAMS 0x00000000a4200000| PB 0x00000000a4200000| Untracked |  0
|   1|0x00000000a4300000, 0x00000000a4300000, 0x00000000a4400000|  0%| F|  |TAMS 0x00000000a4300000| PB 0x00000000a4300000| Untracked |  0
|   2|0x00000000a4400000, 0x00000000a4400000, 0x00000000a4500000|  0%| F|  |TAMS 0x00000000a4400000| PB 0x00000000a4400000| Untracked |  0
|   3|0x00000000a4500000, 0x00000000a4500000, 0x00000000a4600000|  0%| F|  |TAMS 0x00000000a4500000| PB 0x00000000a4500000| Untracked |  0
|   4|0x00000000a4600000, 0x00000000a4600000, 0x00000000a4700000|  0%| F|  |TAMS 0x00000000a4600000| PB 0x00000000a4600000| Untracked |  0
|   5|0x00000000a4700000, 0x00000000a4700000, 0x00000000a4800000|  0%| F|  |TAMS 0x00000000a4700000| PB 0x00000000a4700000| Untracked |  0
|   6|0x00000000a4800000, 0x00000000a4800000, 0x00000000a4900000|  0%| F|  |TAMS 0x00000000a4800000| PB 0x00000000a4800000| Untracked |  0
|   7|0x00000000a4900000, 0x00000000a4900000, 0x00000000a4a00000|  0%| F|  |TAMS 0x00000000a4900000| PB 0x00000000a4900000| Untracked |  0
|   8|0x00000000a4a00000, 0x00000000a4a00000, 0x00000000a4b00000|  0%| F|  |TAMS 0x00000000a4a00000| PB 0x00000000a4a00000| Untracked |  0
|   9|0x00000000a4b00000, 0x00000000a4b00000, 0x00000000a4c00000|  0%| F|  |TAMS 0x00000000a4b00000| PB 0x00000000a4b00000| Untracked |  0
|  10|0x00000000a4c00000, 0x00000000a4c00000, 0x00000000a4d00000|  0%| F|  |TAMS 0x00000000a4c00000| PB 0x00000000a4c00000| Untracked |  0
|  11|0x00000000a4d00000, 0x00000000a4d00000, 0x00000000a4e00000|  0%| F|  |TAMS 0x00000000a4d00000| PB 0x00000000a4d00000| Untracked |  0
|  12|0x00000000a4e00000, 0x00000000a4e00000, 0x00000000a4f00000|  0%| F|  |TAMS 0x00000000a4e00000| PB 0x00000000a4e00000| Untracked |  0
|  13|0x00000000a4f00000, 0x00000000a4f00000, 0x00000000a5000000|  0%| F|  |TAMS 0x00000000a4f00000| PB 0x00000000a4f00000| Untracked |  0
|  14|0x00000000a5000000, 0x00000000a5000000, 0x00000000a5100000|  0%| F|  |TAMS 0x00000000a5000000| PB 0x00000000a5000000| Untracked |  0
|  15|0x00000000a5100000, 0x00000000a5100000, 0x00000000a5200000|  0%| F|  |TAMS 0x00000000a5100000| PB 0x00000000a5100000| Untracked |  0
|  16|0x00000000a5200000, 0x00000000a5200000, 0x00000000a5300000|  0%| F|  |TAMS 0x00000000a5200000| PB 0x00000000a5200000| Untracked |  0
|  17|0x00000000a5300000, 0x00000000a5300000, 0x00000000a5400000|  0%| F|  |TAMS 0x00000000a5300000| PB 0x00000000a5300000| Untracked |  0
|  18|0x00000000a5400000, 0x00000000a5400000, 0x00000000a5500000|  0%| F|  |TAMS 0x00000000a5400000| PB 0x00000000a5400000| Untracked |  0
|  19|0x00000000a5500000, 0x00000000a5500000, 0x00000000a5600000|  0%| F|  |TAMS 0x00000000a5500000| PB 0x00000000a5500000| Untracked |  0
|  20|0x00000000a5600000, 0x00000000a5600000, 0x00000000a5700000|  0%| F|  |TAMS 0x00000000a5600000| PB 0x00000000a5600000| Untracked |  0
|  21|0x00000000a5700000, 0x00000000a5700000, 0x00000000a5800000|  0%| F|  |TAMS 0x00000000a5700000| PB 0x00000000a5700000| Untracked |  0
|  22|0x00000000a5800000, 0x00000000a5800000, 0x00000000a5900000|  0%| F|  |TAMS 0x00000000a5800000| PB 0x00000000a5800000| Untracked |  0
|  23|0x00000000a5900000, 0x00000000a5900000, 0x00000000a5a00000|  0%| F|  |TAMS 0x00000000a5900000| PB 0x00000000a5900000| Untracked |  0
|  24|0x00000000a5a00000, 0x00000000a5a00000, 0x00000000a5b00000|  0%| F|  |TAMS 0x00000000a5a00000| PB 0x00000000a5a00000| Untracked |  0
|  25|0x00000000a5b00000, 0x00000000a5b00000, 0x00000000a5c00000|  0%| F|  |TAMS 0x00000000a5b00000| PB 0x00000000a5b00000| Untracked |  0
|  26|0x00000000a5c00000, 0x00000000a5c00000, 0x00000000a5d00000|  0%| F|  |TAMS 0x00000000a5c00000| PB 0x00000000a5c00000| Untracked |  0
|  27|0x00000000a5d00000, 0x00000000a5d00000, 0x00000000a5e00000|  0%| F|  |TAMS 0x00000000a5d00000| PB 0x00000000a5d00000| Untracked |  0
|  28|0x00000000a5e00000, 0x00000000a5e00000, 0x00000000a5f00000|  0%| F|  |TAMS 0x00000000a5e00000| PB 0x00000000a5e00000| Untracked |  0
|  29|0x00000000a5f00000, 0x00000000a5f00000, 0x00000000a6000000|  0%| F|  |TAMS 0x00000000a5f00000| PB 0x00000000a5f00000| Untracked |  0
|  30|0x00000000a6000000, 0x00000000a6000000, 0x00000000a6100000|  0%| F|  |TAMS 0x00000000a6000000| PB 0x00000000a6000000| Untracked |  0
|  31|0x00000000a6100000, 0x00000000a6100000, 0x00000000a6200000|  0%| F|  |TAMS 0x00000000a6100000| PB 0x00000000a6100000| Untracked |  0
|  32|0x00000000a6200000, 0x00000000a6200000, 0x00000000a6300000|  0%| F|  |TAMS 0x00000000a6200000| PB 0x00000000a6200000| Untracked |  0
|  33|0x00000000a6300000, 0x00000000a6300000, 0x00000000a6400000|  0%| F|  |TAMS 0x00000000a6300000| PB 0x00000000a6300000| Untracked |  0
|  34|0x00000000a6400000, 0x00000000a6400000, 0x00000000a6500000|  0%| F|  |TAMS 0x00000000a6400000| PB 0x00000000a6400000| Untracked |  0
|  35|0x00000000a6500000, 0x00000000a6500000, 0x00000000a6600000|  0%| F|  |TAMS 0x00000000a6500000| PB 0x00000000a6500000| Untracked |  0
|  36|0x00000000a6600000, 0x00000000a6600000, 0x00000000a6700000|  0%| F|  |TAMS 0x00000000a6600000| PB 0x00000000a6600000| Untracked |  0
|  37|0x00000000a6700000, 0x00000000a6700000, 0x00000000a6800000|  0%| F|  |TAMS 0x00000000a6700000| PB 0x00000000a6700000| Untracked |  0
|  38|0x00000000a6800000, 0x00000000a6800000, 0x00000000a6900000|  0%| F|  |TAMS 0x00000000a6800000| PB 0x00000000a6800000| Untracked |  0
|  39|0x00000000a6900000, 0x00000000a6900000, 0x00000000a6a00000|  0%| F|  |TAMS 0x00000000a6900000| PB 0x00000000a6900000| Untracked |  0
|  40|0x00000000a6a00000, 0x00000000a6a40000, 0x00000000a6b00000| 25%| S|CS|TAMS 0x00000000a6a00000| PB 0x00000000a6a00000| Complete |  0
|  41|0x00000000a6b00000, 0x00000000a6c00000, 0x00000000a6c00000|100%| S|CS|TAMS 0x00000000a6b00000| PB 0x00000000a6b00000| Complete |  0
|  42|0x00000000a6c00000, 0x00000000a6d00000, 0x00000000a6d00000|100%| S|CS|TAMS 0x00000000a6c00000| PB 0x00000000a6c00000| Complete |  0
|  43|0x00000000a6d00000, 0x00000000a6e00000, 0x00000000a6e00000|100%| S|CS|TAMS 0x00000000a6d00000| PB 0x00000000a6d00000| Complete |  0
|  44|0x00000000a6e00000, 0x00000000a6f00000, 0x00000000a6f00000|100%| S|CS|TAMS 0x00000000a6e00000| PB 0x00000000a6e00000| Complete |  0
|  45|0x00000000a6f00000, 0x00000000a6f00000, 0x00000000a7000000|  0%| F|  |TAMS 0x00000000a6f00000| PB 0x00000000a6f00000| Untracked |  0
|  46|0x00000000a7000000, 0x00000000a7000000, 0x00000000a7100000|  0%| F|  |TAMS 0x00000000a7000000| PB 0x00000000a7000000| Untracked |  0
|  47|0x00000000a7100000, 0x00000000a7100000, 0x00000000a7200000|  0%| F|  |TAMS 0x00000000a7100000| PB 0x00000000a7100000| Untracked |  0
|  48|0x00000000a7200000, 0x00000000a7200000, 0x00000000a7300000|  0%| F|  |TAMS 0x00000000a7200000| PB 0x00000000a7200000| Untracked |  0
|  49|0x00000000a7300000, 0x00000000a7300000, 0x00000000a7400000|  0%| F|  |TAMS 0x00000000a7300000| PB 0x00000000a7300000| Untracked |  0
|  50|0x00000000a7400000, 0x00000000a7400000, 0x00000000a7500000|  0%| F|  |TAMS 0x00000000a7400000| PB 0x00000000a7400000| Untracked |  0
|  51|0x00000000a7500000, 0x00000000a7500000, 0x00000000a7600000|  0%| F|  |TAMS 0x00000000a7500000| PB 0x00000000a7500000| Untracked |  0
|  52|0x00000000a7600000, 0x00000000a7600000, 0x00000000a7700000|  0%| F|  |TAMS 0x00000000a7600000| PB 0x00000000a7600000| Untracked |  0
|  53|0x00000000a7700000, 0x00000000a7700000, 0x00000000a7800000|  0%| F|  |TAMS 0x00000000a7700000| PB 0x00000000a7700000| Untracked |  0
|  54|0x00000000a7800000, 0x00000000a7800000, 0x00000000a7900000|  0%| F|  |TAMS 0x00000000a7800000| PB 0x00000000a7800000| Untracked |  0
|  55|0x00000000a7900000, 0x00000000a7900000, 0x00000000a7a00000|  0%| F|  |TAMS 0x00000000a7900000| PB 0x00000000a7900000| Untracked |  0
|  56|0x00000000a7a00000, 0x00000000a7a00000, 0x00000000a7b00000|  0%| F|  |TAMS 0x00000000a7a00000| PB 0x00000000a7a00000| Untracked |  0
|  57|0x00000000a7b00000, 0x00000000a7b00000, 0x00000000a7c00000|  0%| F|  |TAMS 0x00000000a7b00000| PB 0x00000000a7b00000| Untracked |  0
|  58|0x00000000a7c00000, 0x00000000a7c00000, 0x00000000a7d00000|  0%| F|  |TAMS 0x00000000a7c00000| PB 0x00000000a7c00000| Untracked |  0
|  59|0x00000000a7d00000, 0x00000000a7d00000, 0x00000000a7e00000|  0%| F|  |TAMS 0x00000000a7d00000| PB 0x00000000a7d00000| Untracked |  0
|  60|0x00000000a7e00000, 0x00000000a7e00000, 0x00000000a7f00000|  0%| F|  |TAMS 0x00000000a7e00000| PB 0x00000000a7e00000| Untracked |  0
|  61|0x00000000a7f00000, 0x00000000a7f00000, 0x00000000a8000000|  0%| F|  |TAMS 0x00000000a7f00000| PB 0x00000000a7f00000| Untracked |  0
|  62|0x00000000a8000000, 0x00000000a8000000, 0x00000000a8100000|  0%| F|  |TAMS 0x00000000a8000000| PB 0x00000000a8000000| Untracked |  0
|  63|0x00000000a8100000, 0x00000000a8100000, 0x00000000a8200000|  0%| F|  |TAMS 0x00000000a8100000| PB 0x00000000a8100000| Untracked |  0
|  64|0x00000000a8200000, 0x00000000a8200000, 0x00000000a8300000|  0%| F|  |TAMS 0x00000000a8200000| PB 0x00000000a8200000| Untracked |  0
|  65|0x00000000a8300000, 0x00000000a8300000, 0x00000000a8400000|  0%| F|  |TAMS 0x00000000a8300000| PB 0x00000000a8300000| Untracked |  0
|  66|0x00000000a8400000, 0x00000000a8400000, 0x00000000a8500000|  0%| F|  |TAMS 0x00000000a8400000| PB 0x00000000a8400000| Untracked |  0
|  67|0x00000000a8500000, 0x00000000a8500000, 0x00000000a8600000|  0%| F|  |TAMS 0x00000000a8500000| PB 0x00000000a8500000| Untracked |  0
|  68|0x00000000a8600000, 0x00000000a8600000, 0x00000000a8700000|  0%| F|  |TAMS 0x00000000a8600000| PB 0x00000000a8600000| Untracked |  0
|  69|0x00000000a8700000, 0x00000000a8700000, 0x00000000a8800000|  0%| F|  |TAMS 0x00000000a8700000| PB 0x00000000a8700000| Untracked |  0
|  70|0x00000000a8800000, 0x00000000a8800000, 0x00000000a8900000|  0%| F|  |TAMS 0x00000000a8800000| PB 0x00000000a8800000| Untracked |  0
|  71|0x00000000a8900000, 0x00000000a8900000, 0x00000000a8a00000|  0%| F|  |TAMS 0x00000000a8900000| PB 0x00000000a8900000| Untracked |  0
|  72|0x00000000a8a00000, 0x00000000a8a00000, 0x00000000a8b00000|  0%| F|  |TAMS 0x00000000a8a00000| PB 0x00000000a8a00000| Untracked |  0
|  73|0x00000000a8b00000, 0x00000000a8b00000, 0x00000000a8c00000|  0%| F|  |TAMS 0x00000000a8b00000| PB 0x00000000a8b00000| Untracked |  0
|  74|0x00000000a8c00000, 0x00000000a8c00000, 0x00000000a8d00000|  0%| F|  |TAMS 0x00000000a8c00000| PB 0x00000000a8c00000| Untracked |  0
|  75|0x00000000a8d00000, 0x00000000a8d00000, 0x00000000a8e00000|  0%| F|  |TAMS 0x00000000a8d00000| PB 0x00000000a8d00000| Untracked |  0
|  76|0x00000000a8e00000, 0x00000000a8e00000, 0x00000000a8f00000|  0%| F|  |TAMS 0x00000000a8e00000| PB 0x00000000a8e00000| Untracked |  0
|  77|0x00000000a8f00000, 0x00000000a8f00000, 0x00000000a9000000|  0%| F|  |TAMS 0x00000000a8f00000| PB 0x00000000a8f00000| Untracked |  0
|  78|0x00000000a9000000, 0x00000000a9000000, 0x00000000a9100000|  0%| F|  |TAMS 0x00000000a9000000| PB 0x00000000a9000000| Untracked |  0
|  79|0x00000000a9100000, 0x00000000a9100000, 0x00000000a9200000|  0%| F|  |TAMS 0x00000000a9100000| PB 0x00000000a9100000| Untracked |  0
|  80|0x00000000a9200000, 0x00000000a9200000, 0x00000000a9300000|  0%| F|  |TAMS 0x00000000a9200000| PB 0x00000000a9200000| Untracked |  0
|  81|0x00000000a9300000, 0x00000000a9380000, 0x00000000a9400000| 50%| E|  |TAMS 0x00000000a9300000| PB 0x00000000a9300000| Complete |  0
|  82|0x00000000a9400000, 0x00000000a9500000, 0x00000000a9500000|100%| E|CS|TAMS 0x00000000a9400000| PB 0x00000000a9400000| Complete |  0
|  83|0x00000000a9500000, 0x00000000a9600000, 0x00000000a9600000|100%| E|CS|TAMS 0x00000000a9500000| PB 0x00000000a9500000| Complete |  0
|  84|0x00000000a9600000, 0x00000000a9700000, 0x00000000a9700000|100%| E|CS|TAMS 0x00000000a9600000| PB 0x00000000a9600000| Complete |  0
|  85|0x00000000a9700000, 0x00000000a9800000, 0x00000000a9800000|100%| E|CS|TAMS 0x00000000a9700000| PB 0x00000000a9700000| Complete |  0
|  86|0x00000000a9800000, 0x00000000a9900000, 0x00000000a9900000|100%| E|CS|TAMS 0x00000000a9800000| PB 0x00000000a9800000| Complete |  0
|  87|0x00000000a9900000, 0x00000000a9a00000, 0x00000000a9a00000|100%| E|CS|TAMS 0x00000000a9900000| PB 0x00000000a9900000| Complete |  0
|  88|0x00000000a9a00000, 0x00000000a9b00000, 0x00000000a9b00000|100%| E|CS|TAMS 0x00000000a9a00000| PB 0x00000000a9a00000| Complete |  0
|  89|0x00000000a9b00000, 0x00000000a9c00000, 0x00000000a9c00000|100%| E|CS|TAMS 0x00000000a9b00000| PB 0x00000000a9b00000| Complete |  0
|  90|0x00000000a9c00000, 0x00000000a9d00000, 0x00000000a9d00000|100%| E|CS|TAMS 0x00000000a9c00000| PB 0x00000000a9c00000| Complete |  0
|  91|0x00000000a9d00000, 0x00000000a9e00000, 0x00000000a9e00000|100%| E|CS|TAMS 0x00000000a9d00000| PB 0x00000000a9d00000| Complete |  0
|1468|0x00000000ffe00000, 0x00000000fff00000, 0x00000000fff00000|100%| O|  |TAMS 0x00000000ffe00000| PB 0x00000000ffe00000| Untracked |  0
|1469|0x00000000fff00000, 0x00000000fff256a0, 0x0000000100000000| 14%| O|  |TAMS 0x00000000fff00000| PB 0x00000000fff00000| Untracked |  0

Card table byte_map: [0x000001187c280000,0x000001187c560000] _byte_map_base: 0x000001187bd5f000

Marking Bits: (CMBitMap*) 0x000001186443bc50
 Bits: [0x000001187c560000, 0x000001187dc58000)

Polling page: 0x00000118621e0000

Metaspace:
Metaspace        used 11730K, committed 11968K, reserved 1114112K
 class space     used 1092K, committed 1216K, reserved 1048576K

Usage:
  Non-class:     10.39 MB used.
      Class:      1.07 MB used.
       Both:     11.46 MB used.

Virtual space:
  Non-class space:       64.00 MB reserved,      10.50 MB ( 16%) committed,  1 nodes.
      Class space:        1.00 GB reserved,       1.19 MB ( <1%) committed,  1 nodes.
             Both:        1.06 GB reserved,      11.69 MB (  1%) committed. 

Chunk freelists:
   Non-Class:  4.31 MB
       Class:  14.84 MB
        Both:  19.16 MB

MaxMetaspaceSize: unlimited
CompressedClassSpaceSize: 1.00 GB
Initial GC threshold: 21.00 MB
Current GC threshold: 21.00 MB
CDS: on
 - commit_granule_bytes: 65536.
 - commit_granule_words: 8192.
 - virtual_space_node_default_size: 8388608.
 - enlarge_chunks_in_place: 1.
UseCompressedClassPointers 1, UseCompactObjectHeaders 0
Narrow klass pointer bits 32, Max shift 3
Narrow klass base: 0x000000002e000000, Narrow klass shift: 0
Encoding Range: [0x000000002e000000 - 0x000000012e000000), (4294967296 bytes)
Klass Range:    [0x000000002e010000 - 0x000000006f000000), (1090453504 bytes)
Klass ID Range:  [65536 - 1090519033) (1090453497)
Protection zone: [0x000000002e000000 - 0x000000002e010000), (65536 bytes)


Internal statistics:

num_allocs_failed_limit: 0.
num_arena_births: 114.
num_arena_deaths: 0.
num_vsnodes_births: 2.
num_vsnodes_deaths: 0.
num_space_committed: 187.
num_space_uncommitted: 0.
num_chunks_returned_to_freelist: 0.
num_chunks_taken_from_freelist: 509.
num_chunk_merges: 0.
num_chunk_splits: 352.
num_chunks_enlarged: 288.
num_inconsistent_stats: 0.

CodeHeap 'non-profiled nmethods': size=120064Kb used=689Kb max_used=689Kb free=119374Kb
 bounds [0x0000011874730000, 0x00000118749a0000, 0x000001187bc70000]
CodeHeap 'profiled nmethods': size=120000Kb used=4036Kb max_used=4036Kb free=115964Kb
 bounds [0x000001186cc70000, 0x000001186d070000, 0x00000118741a0000]
CodeHeap 'non-nmethods': size=5696Kb used=1376Kb max_used=1399Kb free=4320Kb
 bounds [0x00000118741a0000, 0x0000011874410000, 0x0000011874730000]
CodeCache: size=245760Kb, used=6101Kb, max_used=6124Kb, free=239658Kb
 total_blobs=3123, nmethods=2621, adapters=403, full_count=0
Compilation: enabled, stopped_count=0, restarted_count=0

Compilation events (20 events):
Event: 3.158 Thread 0x00000118006c1740 nmethod 2482 0x000001186d024e08 code [0x000001186d024f00, 0x000001186d025450]
Event: 3.158 Thread 0x00000118006c1740 2483       3       java.util.stream.ForEachOps::makeRef (15 bytes)
Event: 3.159 Thread 0x00000118006c1740 nmethod 2483 0x000001186d025488 code [0x000001186d025580, 0x000001186d0259a0]
Event: 3.159 Thread 0x00000118006c1740 2484       3       java.util.stream.ForEachOps$ForEachOp$OfRef::<init> (11 bytes)
Event: 3.159 Thread 0x00000118006c1740 nmethod 2484 0x000001186d025a08 code [0x000001186d025b00, 0x000001186d025d28]
Event: 3.159 Thread 0x00000118006c1740 2485       3       java.util.stream.ForEachOps$ForEachOp::<init> (10 bytes)
Event: 3.159 Thread 0x00000118006c1740 nmethod 2485 0x000001186d025d88 code [0x000001186d025e80, 0x000001186d025fe8]
Event: 3.159 Thread 0x00000118006c1740 2486       3       java.util.stream.ForEachOps$ForEachOp::getOpFlags (15 bytes)
Event: 3.159 Thread 0x00000118006c1740 nmethod 2486 0x000001186d026088 code [0x000001186d026180, 0x000001186d0262f8]
Event: 3.159 Thread 0x00000118006c1740 2487       3       java.util.stream.ForEachOps$ForEachOp$OfRef::evaluateSequential (7 bytes)
Event: 3.159 Thread 0x00000118006c1740 nmethod 2487 0x000001186d026388 code [0x000001186d026480, 0x000001186d026870]
Event: 3.159 Thread 0x00000118006c1740 2488       3       java.util.stream.ForEachOps$ForEachOp::evaluateSequential (13 bytes)
Event: 3.159 Thread 0x00000118006c1740 nmethod 2488 0x000001186d026888 code [0x000001186d026980, 0x000001186d026d08]
Event: 3.160 Thread 0x00000118006c1740 2490       3       com.google.common.collect.Iterables::getOnlyElement (11 bytes)
Event: 3.160 Thread 0x00000118006c1740 nmethod 2490 0x000001186d026d88 code [0x000001186d026e80, 0x000001186d027200]
Event: 3.160 Thread 0x00000118006c1740 2491       3       com.google.common.collect.Iterators::getOnlyElement (18 bytes)
Event: 3.160 Thread 0x00000118006c1740 nmethod 2491 0x000001186d027288 code [0x000001186d027380, 0x000001186d0275d8]
Event: 3.160 Thread 0x00000118006c1740 2492       3       java.lang.reflect.Constructor::getDeclaredAnnotations (5 bytes)
Event: 3.160 Thread 0x00000118006c1740 nmethod 2492 0x000001186d027608 code [0x000001186d027700, 0x000001186d027b70]
Event: 3.160 Thread 0x00000118006c1740 2502   !   3       com.google.inject.spi.InjectionPoint::forConstructorOf (258 bytes)

GC Heap Usage History (2 events):
Event: 2.636 {heap Before GC invocations=0 (full 0):
 garbage-first heap   total reserved 1505280K, committed 96256K, used 49301K [0x00000000a4200000, 0x0000000100000000)
  region size 1024K, 47 young (48128K), 0 survivors (0K)
}
Event: 2.646 {heap After GC invocations=1 (full 0):
 garbage-first heap   total reserved 1505280K, committed 96256K, used 5525K [0x00000000a4200000, 0x0000000100000000)
  region size 1024K, 5 young (5120K), 5 survivors (5120K)
}

Metaspace Usage History (2 events):
Event: 2.636 {metaspace Before GC invocations=0 (full 0):
 Metaspace       used 9656K, committed 9856K, reserved 1114112K
  class space    used 865K, committed 960K, reserved 1048576K
}
Event: 2.646 {metaspace After GC invocations=1 (full 0):
 Metaspace       used 9656K, committed 9856K, reserved 1114112K
  class space    used 865K, committed 960K, reserved 1048576K
}

Dll operation events (7 events):
Event: 0.028 Loaded shared library C:\Users\obake\Downloads\oracleJdk-25\bin\java.dll
Event: 0.112 Loaded shared library C:\Users\obake\Downloads\oracleJdk-25\bin\net.dll
Event: 0.117 Loaded shared library C:\Users\obake\Downloads\oracleJdk-25\bin\nio.dll
Event: 0.123 Loaded shared library C:\Users\obake\Downloads\oracleJdk-25\bin\zip.dll
Event: 0.420 Loaded shared library C:\Users\obake\Downloads\oracleJdk-25\bin\jimage.dll
Event: 0.421 Loaded shared library C:\Users\obake\.vscode\extensions\oracle.oracle-java-24.1.2\nbcode\java\maven\lib\jansi-native\Windows\x86_64\jansi.dll
Event: 0.450 Loaded shared library C:\Users\obake\Downloads\oracleJdk-25\bin\verify.dll

Deoptimization events (20 events):
Event: 2.946 Thread 0x0000011861ff2150 DEOPT PACKING pc=0x00000118747cb40c sp=0x0000000bfe2fcf80
Event: 2.946 Thread 0x0000011861ff2150 DEOPT UNPACKING pc=0x00000118742c1382 sp=0x0000000bfe2fcf10 mode 2
Event: 2.946 Thread 0x0000011861ff2150 Uncommon trap: trap_request=0xffffffd6 fr.pc=0x00000118747cb40c relative=0x00000000000005ec
Event: 2.946 Thread 0x0000011861ff2150 Uncommon trap: reason=array_check action=maybe_recompile pc=0x00000118747cb40c method=jdk.internal.classfile.impl.SplitConstantPool.internalAdd(Ljava/lang/classfile/constantpool/PoolEntry;I)Ljava/lang/classfile/constantpool/PoolEntry; @ 46 c2
Event: 2.946 Thread 0x0000011861ff2150 DEOPT PACKING pc=0x00000118747cb40c sp=0x0000000bfe2fcf80
Event: 2.946 Thread 0x0000011861ff2150 DEOPT UNPACKING pc=0x00000118742c1382 sp=0x0000000bfe2fcf10 mode 2
Event: 2.946 Thread 0x0000011861ff2150 Uncommon trap: trap_request=0xffffffd6 fr.pc=0x00000118747ca17c relative=0x000000000000065c
Event: 2.946 Thread 0x0000011861ff2150 Uncommon trap: reason=array_check action=maybe_recompile pc=0x00000118747ca17c method=jdk.internal.classfile.impl.SplitConstantPool.internalAdd(Ljava/lang/classfile/constantpool/PoolEntry;I)Ljava/lang/classfile/constantpool/PoolEntry; @ 46 c2
Event: 2.946 Thread 0x0000011861ff2150 DEOPT PACKING pc=0x00000118747ca17c sp=0x0000000bfe2fcf80
Event: 2.946 Thread 0x0000011861ff2150 DEOPT UNPACKING pc=0x00000118742c1382 sp=0x0000000bfe2fcec8 mode 2
Event: 3.013 Thread 0x0000011861ff2150 Uncommon trap: trap_request=0xffffff45 fr.pc=0x00000118747b28cc relative=0x00000000000009cc
Event: 3.013 Thread 0x0000011861ff2150 Uncommon trap: reason=unstable_if action=reinterpret pc=0x00000118747b28cc method=java.lang.String.<init>(Ljava/nio/charset/Charset;[BII)V @ 34 c2
Event: 3.013 Thread 0x0000011861ff2150 DEOPT PACKING pc=0x00000118747b28cc sp=0x0000000bfe2fca40
Event: 3.013 Thread 0x0000011861ff2150 DEOPT UNPACKING pc=0x00000118742c1382 sp=0x0000000bfe2fc9d0 mode 2
Event: 3.014 Thread 0x0000011861ff2150 Uncommon trap: trap_request=0xffffff45 fr.pc=0x00000118747a6940 relative=0x00000000000001c0
Event: 3.014 Thread 0x0000011861ff2150 Uncommon trap: reason=unstable_if action=reinterpret pc=0x00000118747a6940 method=java.lang.ClassLoader.checkName(Ljava/lang/String;)Z @ 1 c2
Event: 3.014 Thread 0x0000011861ff2150 DEOPT PACKING pc=0x00000118747a6940 sp=0x0000000bfe2fdbc0
Event: 3.014 Thread 0x0000011861ff2150 DEOPT UNPACKING pc=0x00000118742c1382 sp=0x0000000bfe2fdb58 mode 2
Event: 3.093 Thread 0x0000011861ff2150 DEOPT PACKING pc=0x000001186cf11c84 sp=0x0000000bfe2fe180
Event: 3.093 Thread 0x0000011861ff2150 DEOPT UNPACKING pc=0x00000118741f1702 sp=0x0000000bfe2fd6e0 mode 0

Classes loaded (20 events):
Event: 2.989 Loading class java/lang/invoke/BoundMethodHandle$Species_LI
Event: 2.989 Loading class java/lang/invoke/BoundMethodHandle$Species_LI done
Event: 2.989 Loading class java/lang/invoke/ClassSpecializer$Factory$1
Event: 2.990 Loading class java/lang/invoke/ClassSpecializer$Factory$1 done
Event: 2.991 Loading class java/lang/invoke/ClassSpecializer$Factory$1$1
Event: 2.992 Loading class java/lang/invoke/ClassSpecializer$Factory$1$1 done
Event: 2.992 Loading class java/lang/invoke/ClassSpecializer$Factory$1$1Var
Event: 2.992 Loading class java/lang/invoke/ClassSpecializer$Factory$1$1Var done
Event: 2.993 Loading class java/lang/invoke/ClassSpecializer$Factory$1$2
Event: 2.993 Loading class java/lang/invoke/ClassSpecializer$Factory$1$2 done
Event: 2.993 Loading class java/lang/invoke/ClassSpecializer$Factory$1$3
Event: 2.994 Loading class java/lang/invoke/ClassSpecializer$Factory$1$3 done
Event: 2.994 Loading class java/lang/invoke/ClassSpecializer$Factory$1$4
Event: 2.994 Loading class java/lang/invoke/ClassSpecializer$Factory$1$4 done
Event: 2.995 Loading class java/lang/invoke/ClassSpecializer$Factory$1$5
Event: 2.995 Loading class java/lang/invoke/ClassSpecializer$Factory$1$5 done
Event: 2.995 Loading class java/lang/invoke/ClassSpecializer$Factory$1$5$1
Event: 2.995 Loading class java/lang/invoke/ClassSpecializer$Factory$1$5$1 done
Event: 3.016 Loading class java/lang/ClassValue$RemovalToken
Event: 3.016 Loading class java/lang/ClassValue$RemovalToken done

Classes unloaded (0 events):
No events

Classes redefined (0 events):
No events

Internal exceptions (20 events):
Event: 0.476 Thread 0x0000011861ff2150 Exception <a 'java/lang/NoSuchMethodError'{0x00000000a987c4f0}: 'void java.lang.invoke.DirectMethodHandle$Holder.invokeStatic(java.lang.Object, java.lang.Object)'> (0x00000000a987c4f0) 
thrown [s\open\src\hotspot\share\interpreter\linkResolver.cpp, line 804]
Event: 0.477 Thread 0x0000011861ff2150 Exception <a 'java/lang/NoSuchMethodError'{0x00000000a9884528}: 'void java.lang.invoke.DirectMethodHandle$Holder.invokeStaticInit(java.lang.Object, java.lang.Object)'> (0x00000000a9884528) 
thrown [s\open\src\hotspot\share\interpreter\linkResolver.cpp, line 804]
Event: 0.516 Thread 0x0000011861ff2150 Exception <a 'java/lang/NoSuchMethodError'{0x00000000a98ce400}: 'void java.lang.invoke.DirectMethodHandle$Holder.invokeStatic(java.lang.Object, java.lang.Object, java.lang.Object)'> (0x00000000a98ce400) 
thrown [s\open\src\hotspot\share\interpreter\linkResolver.cpp, line 804]
Event: 0.661 Thread 0x0000011861ff2150 Exception <a 'java/lang/NoSuchMethodError'{0x00000000a964b278}: 'java.lang.Object java.lang.invoke.DirectMethodHandle$Holder.invokeSpecialIFC(java.lang.Object, java.lang.Object, java.lang.Object, java.lang.Object)'> (0x00000000a964b278) 
thrown [s\open\src\hotspot\share\interpreter\linkResolver.cpp, line 804]
Event: 0.940 Thread 0x0000011861ff2150 Exception <a 'java/lang/NoSuchMethodError'{0x00000000a91658b0}: 'void java.lang.invoke.DirectMethodHandle$Holder.invokeSpecial(java.lang.Object, java.lang.Object, java.lang.Object)'> (0x00000000a91658b0) 
thrown [s\open\src\hotspot\share\interpreter\linkResolver.cpp, line 804]
Event: 1.030 Thread 0x0000011861ff2150 Exception <a 'java/lang/NoSuchMethodError'{0x00000000a9085ed8}: 'java.lang.Object java.lang.invoke.DirectMethodHandle$Holder.invokeInterface(java.lang.Object, java.lang.Object)'> (0x00000000a9085ed8) 
thrown [s\open\src\hotspot\share\interpreter\linkResolver.cpp, line 804]
Event: 1.287 Thread 0x0000011861ff2150 Exception <a 'java/lang/NoSuchMethodError'{0x00000000a8f32f40}: 'int java.lang.invoke.DirectMethodHandle$Holder.invokeStatic(java.lang.Object, java.lang.Object, java.lang.Object, java.lang.Object)'> (0x00000000a8f32f40) 
thrown [s\open\src\hotspot\share\interpreter\linkResolver.cpp, line 804]
Event: 1.303 Thread 0x0000011861ff2150 Exception <a 'java/lang/NoSuchMethodError'{0x00000000a8f5cb18}: 'int java.lang.invoke.DirectMethodHandle$Holder.invokeSpecialIFC(java.lang.Object, java.lang.Object, java.lang.Object, java.lang.Object, java.lang.Object)'> (0x00000000a8f5cb18) 
thrown [s\open\src\hotspot\share\interpreter\linkResolver.cpp, line 804]
Event: 1.464 Thread 0x0000011861ff2150 Exception <a 'java/lang/NoSuchMethodError'{0x00000000a8d30b38}: 'java.lang.Object java.lang.invoke.DirectMethodHandle$Holder.newInvokeSpecial(java.lang.Object, java.lang.Object, java.lang.Object, java.lang.Object, java.lang.Object)'> (0x00000000a8d30b38) 
thrown [s\open\src\hotspot\share\interpreter\linkResolver.cpp, line 804]
Event: 1.546 Thread 0x0000011861ff2150 Exception <a 'java/lang/NoSuchMethodError'{0x00000000a8c69480}: 'int java.lang.invoke.DirectMethodHandle$Holder.invokeStaticInit(java.lang.Object, java.lang.Object)'> (0x00000000a8c69480) 
thrown [s\open\src\hotspot\share\interpreter\linkResolver.cpp, line 804]
Event: 1.559 Thread 0x0000011861ff2150 Exception <a 'java/lang/NoClassDefFoundError'{0x00000000a8ca3ca0}: javax/enterprise/inject/Typed> (0x00000000a8ca3ca0) 
thrown [s\open\src\hotspot\share\classfile\systemDictionary.cpp, line 316]
Event: 2.900 Thread 0x0000011861ff2150 Exception <a 'java/lang/NoSuchMethodError'{0x00000000a9907798}: 'void java.lang.invoke.DirectMethodHandle$Holder.invokeStaticInit(java.lang.Object, java.lang.Object, java.lang.Object)'> (0x00000000a9907798) 
thrown [s\open\src\hotspot\share\interpreter\linkResolver.cpp, line 804]
Event: 2.914 Thread 0x0000011861ff2150 Exception <a 'java/lang/ExceptionInInitializerError'{0x00000000a9954e18}> (0x00000000a9954e18) 
thrown [s\open\src\hotspot\share\oops\instanceKlass.cpp, line 1355]
Event: 2.929 Thread 0x0000011861ff2150 Exception <a 'java/lang/NoSuchMethodError'{0x00000000a99952e8}: 'long java.lang.invoke.DelegatingMethodHandle$Holder.reinvoke_L(java.lang.Object, java.lang.Object, java.lang.Object)'> (0x00000000a99952e8) 
thrown [s\open\src\hotspot\share\interpreter\linkResolver.cpp, line 804]
Event: 2.988 Thread 0x0000011861ff2150 Exception <a 'java/lang/NoSuchMethodError'{0x00000000a98a3e48}: 'long java.lang.invoke.DelegatingMethodHandle$Holder.reinvoke_L(java.lang.Object, java.lang.Object, int)'> (0x00000000a98a3e48) 
thrown [s\open\src\hotspot\share\interpreter\linkResolver.cpp, line 804]
Event: 2.997 Thread 0x0000011861ff2150 Exception <a 'java/lang/NoSuchMethodError'{0x00000000a98bbfe0}: 'java.lang.Object java.lang.invoke.DirectMethodHandle$Holder.invokeStatic(java.lang.Object, java.lang.Object, java.lang.Object, java.lang.Object, int)'> (0x00000000a98bbfe0) 
thrown [s\open\src\hotspot\share\interpreter\linkResolver.cpp, line 804]
Event: 3.001 Thread 0x0000011861ff2150 Exception <a 'java/lang/NoSuchMethodError'{0x00000000a98cd7c8}: 'java.lang.Object java.lang.invoke.DirectMethodHandle$Holder.invokeSpecial(java.lang.Object, java.lang.Object, java.lang.Object, java.lang.Object, long)'> (0x00000000a98cd7c8) 
thrown [s\open\src\hotspot\share\interpreter\linkResolver.cpp, line 804]
Event: 3.011 Thread 0x0000011861ff2150 Exception <a 'java/lang/NoSuchMethodError'{0x00000000a971ea28}: 'java.lang.Object java.lang.invoke.Invokers$Holder.invokeExact_MT(java.lang.Object, java.lang.Object, java.lang.Object, java.lang.Object, java.lang.Object, java.lang.Object)'> (0x00000000a971ea28) 
thrown [s\open\src\hotspot\share\interpreter\linkResolver.cpp, line 804]
Event: 3.014 Thread 0x0000011861ff2150 Implicit null exception at 0x00000118747a679d to 0x00000118747a692c
Event: 3.017 Thread 0x0000011861ff2150 Exception <a 'java/lang/NoSuchMethodError'{0x00000000a973e378}: 'java.lang.Object java.lang.invoke.Invokers$Holder.invokeExact_MT(java.lang.Object, int, java.lang.Object)'> (0x00000000a973e378) 
thrown [s\open\src\hotspot\share\interpreter\linkResolver.cpp, line 804]

VM Operations (18 events):
Event: 0.398 Executing non-safepoint VM operation: HandshakeAllThreads (Deoptimize)
Event: 0.399 Executing non-safepoint VM operation: HandshakeAllThreads (Deoptimize) done
Event: 0.441 Executing non-safepoint VM operation: HandshakeAllThreads (Deoptimize)
Event: 0.441 Executing non-safepoint VM operation: HandshakeAllThreads (Deoptimize) done
Event: 2.254 Executing non-safepoint VM operation: HandshakeAllThreads (Deoptimize)
Event: 2.254 Executing non-safepoint VM operation: HandshakeAllThreads (Deoptimize) done
Event: 2.445 Executing non-safepoint VM operation: HandshakeAllThreads (Deoptimize)
Event: 2.445 Executing non-safepoint VM operation: HandshakeAllThreads (Deoptimize) done
Event: 2.635 Executing safepoint VM operation: G1CollectForAllocation (G1 Evacuation Pause)
Event: 2.646 Executing safepoint VM operation: G1CollectForAllocation (G1 Evacuation Pause) done
Event: 2.943 Executing non-safepoint VM operation: HandshakeAllThreads (Deoptimize)
Event: 2.943 Executing non-safepoint VM operation: HandshakeAllThreads (Deoptimize) done
Event: 3.012 Executing non-safepoint VM operation: HandshakeAllThreads (Deoptimize)
Event: 3.012 Executing non-safepoint VM operation: HandshakeAllThreads (Deoptimize) done
Event: 3.087 Executing non-safepoint VM operation: HandshakeAllThreads (Deoptimize)
Event: 3.087 Executing non-safepoint VM operation: HandshakeAllThreads (Deoptimize) done
Event: 3.091 Executing non-safepoint VM operation: HandshakeAllThreads (Deoptimize)
Event: 3.091 Executing non-safepoint VM operation: HandshakeAllThreads (Deoptimize) done

Memory protections (0 events):
No events

Nmethod flushes (0 events):
No events

Events (19 events):
Event: 0.065 Thread 0x0000011861ff2150 Thread added: 0x0000011861ff2150
Event: 0.090 Thread 0x0000011861ff2150 Thread added: 0x00000118006acc20
Event: 0.091 Thread 0x0000011861ff2150 Thread added: 0x00000118006ad3e0
Event: 0.092 Thread 0x0000011861ff2150 Thread added: 0x00000118006b1050
Event: 0.092 Thread 0x0000011861ff2150 Thread added: 0x00000118006b1c10
Event: 0.092 Thread 0x0000011861ff2150 Thread added: 0x00000118006b3340
Event: 0.092 Thread 0x0000011861ff2150 Thread added: 0x00000118006b4a70
Event: 0.092 Thread 0x0000011861ff2150 Thread added: 0x00000118006be610
Event: 0.092 Thread 0x0000011861ff2150 Thread added: 0x00000118006c1740
Event: 0.100 Thread 0x0000011861ff2150 Thread added: 0x0000011800758b70
Event: 0.105 Thread 0x0000011861ff2150 Thread added: 0x000001180075e1e0
Event: 0.238 Thread 0x00000118006be610 Thread added: 0x00000118006bff10
Event: 0.408 Thread 0x0000011861ff2150 Thread added: 0x0000011800acd670
Event: 0.433 Thread 0x00000118006bff10 Thread exited: 0x00000118006bff10
Event: 0.662 Thread 0x0000011800acd670 Thread exited: 0x0000011800acd670
Event: 0.821 Thread 0x00000118006c1740 Thread added: 0x00000118006c2760
Event: 1.283 Thread 0x00000118006c2760 Thread exited: 0x00000118006c2760
Event: 1.585 Thread 0x00000118006c1740 Thread added: 0x00000118006c3f90
Event: 2.393 Thread 0x00000118006c3f90 Thread exited: 0x00000118006c3f90


Dynamic libraries:
0x00007ff72d2e0000 - 0x00007ff72d2f0000 	C:\Users\obake\Downloads\oracleJdk-25\bin\java.exe
0x00007ffb956e0000 - 0x00007ffb95947000 	C:\Windows\SYSTEM32\ntdll.dll
0x00007ffb94860000 - 0x00007ffb94929000 	C:\Windows\System32\KERNEL32.DLL
0x00007ffb921a0000 - 0x00007ffb92594000 	C:\Windows\System32\KERNELBASE.dll
0x00007ffb927f0000 - 0x00007ffb9293b000 	C:\Windows\System32\ucrtbase.dll
0x00007ffb787e0000 - 0x00007ffb787fe000 	C:\Users\obake\Downloads\oracleJdk-25\bin\VCRUNTIME140.dll
0x00007ffb78820000 - 0x00007ffb78837000 	C:\Users\obake\Downloads\oracleJdk-25\bin\jli.dll
0x00007ffb945a0000 - 0x00007ffb94765000 	C:\Windows\System32\USER32.dll
0x00007ffb6b200000 - 0x00007ffb6b493000 	C:\Windows\WinSxS\amd64_microsoft.windows.common-controls_6595b64144ccf1df_6.0.26100.8115_none_3e075c82e3354f9c\COMCTL32.dll
0x00007ffb92710000 - 0x00007ffb92737000 	C:\Windows\System32\win32u.dll
0x00007ffb94930000 - 0x00007ffb949d9000 	C:\Windows\System32\msvcrt.dll
0x00007ffb94c70000 - 0x00007ffb94c9b000 	C:\Windows\System32\GDI32.dll
0x00007ffb92070000 - 0x00007ffb9219b000 	C:\Windows\System32\gdi32full.dll
0x00007ffb92740000 - 0x00007ffb927e3000 	C:\Windows\System32\msvcp_win.dll
0x00007ffb94480000 - 0x00007ffb944b2000 	C:\Windows\System32\IMM32.DLL
0x00007ffb8c2f0000 - 0x00007ffb8c2fc000 	C:\Users\obake\Downloads\oracleJdk-25\bin\vcruntime140_1.dll
0x00007ffb68820000 - 0x00007ffb688ad000 	C:\Users\obake\Downloads\oracleJdk-25\bin\msvcp140.dll
0x00007ffac1e50000 - 0x00007ffac2caf000 	C:\Users\obake\Downloads\oracleJdk-25\bin\server\jvm.dll
0x00007ffb949e0000 - 0x00007ffb94a96000 	C:\Windows\System32\ADVAPI32.dll
0x00007ffb936f0000 - 0x00007ffb93797000 	C:\Windows\System32\sechost.dll
0x00007ffb94360000 - 0x00007ffb94478000 	C:\Windows\System32\RPCRT4.dll
0x00007ffb94be0000 - 0x00007ffb94c60000 	C:\Windows\System32\WS2_32.dll
0x00007ffb88e20000 - 0x00007ffb88e56000 	C:\Windows\SYSTEM32\WINMM.dll
0x00007ffb88830000 - 0x00007ffb8883b000 	C:\Windows\SYSTEM32\VERSION.dll
0x00007ffb91e10000 - 0x00007ffb91e6e000 	C:\Windows\SYSTEM32\POWRPROF.dll
0x00007ffb91df0000 - 0x00007ffb91e04000 	C:\Windows\SYSTEM32\UMPDC.dll
0x00007ffb90ce0000 - 0x00007ffb90cfb000 	C:\Windows\SYSTEM32\kernel.appcore.dll
0x00007ffb86620000 - 0x00007ffb8662a000 	C:\Users\obake\Downloads\oracleJdk-25\bin\jimage.dll
0x00007ffb90150000 - 0x00007ffb90392000 	C:\Windows\SYSTEM32\DBGHELP.DLL
0x00007ffb94d20000 - 0x00007ffb950a2000 	C:\Windows\System32\combase.dll
0x00007ffb94780000 - 0x00007ffb94858000 	C:\Windows\System32\OLEAUT32.dll
0x00007ffb66650000 - 0x00007ffb6668b000 	C:\Windows\SYSTEM32\dbgcore.DLL
0x00007ffb933c0000 - 0x00007ffb93465000 	C:\Windows\System32\bcryptPrimitives.dll
0x00007ffb76f10000 - 0x00007ffb76f2f000 	C:\Users\obake\Downloads\oracleJdk-25\bin\java.dll
0x00007ffb937a0000 - 0x00007ffb93937000 	C:\Windows\System32\ole32.dll
0x00007ffb93bf0000 - 0x00007ffb94357000 	C:\Windows\System32\SHELL32.dll
0x00007ffb925a0000 - 0x00007ffb9270a000 	C:\Windows\System32\wintypes.dll
0x00007ffb929d0000 - 0x00007ffb93238000 	C:\Windows\System32\windows.storage.dll
0x00007ffb94ad0000 - 0x00007ffb94bc8000 	C:\Windows\System32\SHCORE.dll
0x00007ffb94510000 - 0x00007ffb94576000 	C:\Windows\System32\shlwapi.dll
0x00007ffb91ed0000 - 0x00007ffb91ef9000 	C:\Windows\SYSTEM32\profapi.dll
0x00007ffb74900000 - 0x00007ffb74912000 	C:\Users\obake\Downloads\oracleJdk-25\bin\net.dll
0x00007ffb912b0000 - 0x00007ffb9131c000 	C:\Windows\system32\mswsock.dll
0x00007ffb6af50000 - 0x00007ffb6af66000 	C:\Users\obake\Downloads\oracleJdk-25\bin\nio.dll
0x00007ffb6af30000 - 0x00007ffb6af47000 	C:\Users\obake\Downloads\oracleJdk-25\bin\zip.dll
0x00007ffb69500000 - 0x00007ffb69524000 	C:\Users\obake\.vscode\extensions\oracle.oracle-java-24.1.2\nbcode\java\maven\lib\jansi-native\Windows\x86_64\jansi.dll
0x00007ffb83400000 - 0x00007ffb83410000 	C:\Users\obake\Downloads\oracleJdk-25\bin\verify.dll

JVMTI agents: none

dbghelp: loaded successfully - version: 4.0.5 - missing functions: none
symbol engine: initialized successfully - sym options: 0x614 - pdb path: .;C:\Users\obake\Downloads\oracleJdk-25\bin;C:\Windows\SYSTEM32;C:\Windows\WinSxS\amd64_microsoft.windows.common-controls_6595b64144ccf1df_6.0.26100.8115_none_3e075c82e3354f9c;C:\Users\obake\Downloads\oracleJdk-25\bin\server;C:\Users\obake\.vscode\extensions\oracle.oracle-java-24.1.2\nbcode\java\maven\lib\jansi-native\Windows\x86_64

VM Arguments:
jvm_args: -Dclassworlds.conf=C:\Users\obake\.vscode\extensions\oracle.oracle-java-24.1.2\nbcode\java\maven\bin\m2.conf -Dmaven.home=C:\Users\obake\.vscode\extensions\oracle.oracle-java-24.1.2\nbcode\java\maven -Dlibrary.jansi.path=C:\Users\obake\.vscode\extensions\oracle.oracle-java-24.1.2\nbcode\java\maven\lib\jansi-native -Dmaven.multiModuleProjectDirectory=C:\Users\obake\student-grade-calculator 
java_command: org.codehaus.plexus.classworlds.launcher.Launcher -Dtest=com.vut.calculator.GradeCalculatorTest -DforkMode=once -Dmaven.surefire.debug=-agentlib:jdwp=transport=dt_socket,server=n,address=63616 -Djpda.listen=true -Djpda.address=63616 -Dmaven.ext.class.path=C:\Users\obake\.vscode\extensions\oracle.oracle-java-24.1.2\nbcode\java\maven-nblib\netbeans-eventspy.jar --no-transfer-progress process-test-classes surefire:test
java_class_path (initial): C:\Users\obake\.vscode\extensions\oracle.oracle-java-24.1.2\nbcode\java\maven\boot\plexus-classworlds-2.8.0.jar
Launcher Type: SUN_STANDARD

[Global flags]
     intx CICompilerCount                          = 4                                         {product} {ergonomic}
     uint ConcGCThreads                            = 2                                         {product} {ergonomic}
     uint G1ConcRefinementThreads                  = 8                                         {product} {ergonomic}
   size_t G1HeapRegionSize                         = 1048576                                   {product} {ergonomic}
   size_t InitialHeapSize                          = 96468992                                  {product} {ergonomic}
   size_t MarkStackSize                            = 4194304                                   {product} {ergonomic}
   size_t MarkStackSizeMax                         = 536870912                                 {product} {ergonomic}
   size_t MaxHeapSize                              = 1541406720                                {product} {ergonomic}
   size_t MaxNewSize                               = 924844032                                 {product} {ergonomic}
   size_t MinHeapDeltaBytes                        = 1048576                                   {product} {ergonomic}
   size_t MinHeapSize                              = 8388608                                   {product} {ergonomic}
    uintx NonNMethodCodeHeapSize                   = 5832704                                {pd product} {ergonomic}
    uintx NonProfiledCodeHeapSize                  = 122945536                              {pd product} {ergonomic}
    uintx ProfiledCodeHeapSize                     = 122880000                              {pd product} {ergonomic}
    uintx ReservedCodeCacheSize                    = 251658240                              {pd product} {ergonomic}
     bool SegmentedCodeCache                       = true                                      {product} {ergonomic}
   size_t SoftMaxHeapSize                          = 1541406720                             {manageable} {ergonomic}
     bool UseCompressedOops                        = true                           {product lp64_product} {ergonomic}
     bool UseG1GC                                  = true                                      {product} {ergonomic}
     bool UseLargePagesIndividualAllocation        = false                                  {pd product} {ergonomic}

Logging:
Log output configuration:
 #0: stdout all=warning uptime,level,tags foldmultilines=false
 #1: stderr all=off uptime,level,tags foldmultilines=false

Release file:
IMPLEMENTOR="Oracle Corporation" 
JAVA_RUNTIME_VERSION="25.0.1+8-LTS-27" 
JAVA_VERSION="25.0.1" 
JAVA_VERSION_DATE="2025-10-21" 
LIBC="default" 
MODULES="java.base java.compiler java.datatransfer java.xml java.prefs java.desktop java.instrument java.logging java.management java.security.sasl java.naming java.rmi java.management.rmi java.net.http java.scripting java.security.jgss java.transaction.xa java.sql java.sql.rowset java.xml.crypto java.se java.smartcardio jdk.accessibility jdk.internal.jvmstat jdk.attach jdk.charsets jdk.internal.opt jdk.zipfs jdk.compiler jdk.crypto.cryptoki jdk.crypto.ec jdk.crypto.mscapi jdk.dynalink jdk.internal.ed jdk.editpad jdk.internal.vm.ci jdk.graal.compiler jdk.graal.compiler.management jdk.hotspot.agent jdk.httpserver jdk.incubator.vector jdk.internal.le jdk.internal.md jdk.jartool jdk.javadoc jdk.jcmd jdk.management jdk.management.agent jdk.jconsole jdk.jdeps jdk.jdwp.agent jdk.jdi jdk.jfr jdk.jlink jdk.jpackage jdk.jshell jdk.jsobject jdk.jstatd jdk.localedata jdk.management.jfr jdk.naming.dns jdk.naming.rmi jdk.net jdk.nio.mapmode jdk.sctp jdk.security.auth jdk.security.jgss jdk.unsupported jdk.unsupported.desktop jdk.xml.dom" 
OS_ARCH="x86_64" 
OS_NAME="Windows" 
SOURCE=".:git:862c85bc42b7 open:git:78770bfaefd2" 

Environment Variables:
JAVA_HOME=C:\Users\obake\Downloads\oracleJdk-25
PATH=C:\Users\obake\AppData\Local\Programs\Microsoft VS Code;C:\Program Files\Common Files\Oracle\Java\javapath;C:\Program Files (x86)\VMware\VMware Workstation\bin\;C:\Windows\system32;C:\Windows;C:\Windows\System32\Wbem;C:\Windows\System32\WindowsPowerShell\v1.0\;C:\Windows\System32\OpenSSH\;C:\Program Files\nodejs\;C:\Program Files\Docker\Docker\resources\bin;C:\Program Files\Git\cmd;C:\Users\obake\AppData\Local\Programs\Python\Launcher\;C:\Users\obake\AppData\Local\Microsoft\WindowsApps;C:\Users\obake\AppData\Local\Programs\Microsoft VS Code\bin;C:\Users\obake\AppData\Roaming\npm;C:\Users\obake\AppData\Local\Programs\Microsoft VS Code\bin\code;
USERNAME=obake
OS=Windows_NT
PROCESSOR_IDENTIFIER=AMD64 Family 23 Model 160 Stepping 0, AuthenticAMD
TMP=C:\Users\obake\AppData\Local\Temp
TEMP=C:\Users\obake\AppData\Local\Temp




Compilation memory statistics disabled.

Periodic native trim disabled

---------------  S Y S T E M  ---------------

OS:
 Windows 11 , 64 bit Build 26100 (10.0.26100.8246)
OS uptime: 8 days 14:33 hours
Hyper-V role detected

CPU: total 8 (initial active 8) (8 cores per cpu, 2 threads per core) family 23 model 160 stepping 0 microcode 0x8a0000a, cx8, cmov, fxsr, ht, mmx, 3dnowpref, sse, sse2, sse3, ssse3, sse4a, sse4.1, sse4.2, popcnt, lzcnt, tsc, tscinvbit, avx, avx2, aes, clmul, bmi1, bmi2, adx, sha, fma, vzeroupper, clflush, clflushopt, clwb, hv, rdtscp, rdpid, f16c
Processor Information for the first 8 processors :
  Max Mhz: 2401, Current Mhz: 2401, Mhz Limit: 2401

Memory: 4k page, system-wide physical 5877M (340M free)
TotalPageFile size 24309M (AvailPageFile size 6M)
current process WorkingSet (physical memory assigned to process): 123M, peak: 123M
current process commit charge ("private bytes"): 203M, peak: 205M

vm_info: Java HotSpot(TM) 64-Bit Server VM (25.0.1+8-LTS-27) for windows-amd64 JRE (25.0.1+8-LTS-27), built on 2025-09-25T16:41:16Z with unknown MS VC++:1943

END.
